<?xml version="1.0" encoding="UTF-8"?>
<!-- Generated by org.testng.reporters.JUnitXMLReporter -->
<testsuite hostname="DESKTOP-QOSDO1O" ignored="60" name="Command line test" tests="4" failures="0" timestamp="04 Dec 2018 05:04:33 GMT" time="83.736" errors="0">
  <testcase name="@AfterClass tearDown" time="0.0" classname="Fab_Application.HomePageTest.verifyLoginWithInvalidOTPManagerTest">
    <failure type="java.lang.NullPointerException">
      <![CDATA[java.lang.NullPointerException
	at Fab_Application.HomePageTest.verifyLoginWithInvalidOTPManagerTest.tearDown(verifyLoginWithInvalidOTPManagerTest.java:35)
... Removed 35 stack frames]]>
    </failure>
  </testcase> <!-- @AfterClass tearDown -->
  <testcase name="@AfterClass tearDown" time="0.001" classname="Fab_Application.HomePageTest.verifySearchTest">
    <failure type="java.lang.NullPointerException">
      <![CDATA[java.lang.NullPointerException
	at Fab_Application.HomePageTest.verifySearchTest.tearDown(verifySearchTest.java:37)
... Removed 35 stack frames]]>
    </failure>
  </testcase> <!-- @AfterClass tearDown -->
  <testcase name="@AfterClass tearDown" time="0.0" classname="Fab_Application.HomePageTest.verifyLoginWithInvalidUsernameManagerTest">
    <failure type="java.lang.NullPointerException">
      <![CDATA[java.lang.NullPointerException
	at Fab_Application.HomePageTest.verifyLoginWithInvalidUsernameManagerTest.tearDown(verifyLoginWithInvalidUsernameManagerTest.java:35)
... Removed 35 stack frames]]>
    </failure>
  </testcase> <!-- @AfterClass tearDown -->
  <testcase name="BookingFlow_Test" time="68.757" classname="Fab_Application.BookingTest.BookingFlowTest"/>
  <testcase name="verifyLoginWithInvalidOTP" time="0.0" classname="Fab_Application.HomePageTest.verifyLoginWithInvalidOTPManagerTest">
    <skipped/>
  </testcase> <!-- verifyLoginWithInvalidOTP -->
  <testcase name="verifySearch" time="0.0" classname="Fab_Application.HomePageTest.verifySearchTest">
    <skipped/>
  </testcase> <!-- verifySearch -->
  <testcase name="verifyLoginWithInvalidUsername" time="0.0" classname="Fab_Application.HomePageTest.verifyLoginWithInvalidUsernameManagerTest">
    <skipped/>
  </testcase> <!-- verifyLoginWithInvalidUsername -->
  <testcase name="@BeforeSuite setEnvironment" time="0.0" classname="Fab_Application.Helper.Common.BaseTestClass">
    <ignored/>
  </testcase> <!-- @BeforeSuite setEnvironment -->
  <testcase name="@BeforeSuite setEnvironment" time="0.0" classname="Fab_Application.Helper.Common.BaseTestClass">
    <ignored/>
  </testcase> <!-- @BeforeSuite setEnvironment -->
  <testcase name="@BeforeSuite setEnvironment" time="0.0" classname="Fab_Application.Helper.Common.BaseTestClass">
    <ignored/>
  </testcase> <!-- @BeforeSuite setEnvironment -->
  <testcase name="@BeforeSuite setEnvironment" time="0.0" classname="Fab_Application.Helper.Common.BaseTestClass">
    <ignored/>
  </testcase> <!-- @BeforeSuite setEnvironment -->
  <testcase name="@BeforeSuite setEnvironment" time="0.0" classname="Fab_Application.Helper.Common.BaseTestClass">
    <ignored/>
  </testcase> <!-- @BeforeSuite setEnvironment -->
  <testcase name="@BeforeSuite setEnvironment" time="0.0" classname="Fab_Application.Helper.Common.BaseTestClass">
    <ignored/>
  </testcase> <!-- @BeforeSuite setEnvironment -->
  <testcase name="@BeforeSuite setEnvironment" time="0.0" classname="Fab_Application.Helper.Common.BaseTestClass">
    <ignored/>
  </testcase> <!-- @BeforeSuite setEnvironment -->
  <testcase name="@BeforeSuite setEnvironment" time="0.0" classname="Fab_Application.Helper.Common.BaseTestClass">
    <ignored/>
  </testcase> <!-- @BeforeSuite setEnvironment -->
  <testcase name="@BeforeSuite setEnvironment" time="0.0" classname="Fab_Application.Helper.Common.BaseTestClass">
    <ignored/>
  </testcase> <!-- @BeforeSuite setEnvironment -->
  <testcase name="@BeforeSuite setEnvironment" time="0.0" classname="Fab_Application.Helper.Common.BaseTestClass">
    <ignored/>
  </testcase> <!-- @BeforeSuite setEnvironment -->
  <testcase name="@BeforeSuite setEnvironment" time="0.0" classname="Fab_Application.Helper.Common.BaseTestClass">
    <ignored/>
  </testcase> <!-- @BeforeSuite setEnvironment -->
  <testcase name="@BeforeSuite setEnvironment" time="0.0" classname="Fab_Application.Helper.Common.BaseTestClass">
    <ignored/>
  </testcase> <!-- @BeforeSuite setEnvironment -->
  <testcase name="@BeforeSuite setEnvironment" time="0.0" classname="Fab_Application.Helper.Common.BaseTestClass">
    <ignored/>
  </testcase> <!-- @BeforeSuite setEnvironment -->
  <testcase name="@BeforeSuite setEnvironment" time="0.0" classname="Fab_Application.Helper.Common.BaseTestClass">
    <ignored/>
  </testcase> <!-- @BeforeSuite setEnvironment -->
  <testcase name="@BeforeSuite setEnvironment" time="0.0" classname="Fab_Application.Helper.Common.BaseTestClass">
    <ignored/>
  </testcase> <!-- @BeforeSuite setEnvironment -->
  <testcase name="@BeforeSuite setEnvironment" time="0.0" classname="Fab_Application.Helper.Common.BaseTestClass">
    <ignored/>
  </testcase> <!-- @BeforeSuite setEnvironment -->
  <testcase name="@BeforeSuite setEnvironment" time="0.0" classname="Fab_Application.Helper.Common.BaseTestClass">
    <ignored/>
  </testcase> <!-- @BeforeSuite setEnvironment -->
  <testcase name="@BeforeSuite setEnvironment" time="0.0" classname="Fab_Application.Helper.Common.BaseTestClass">
    <ignored/>
  </testcase> <!-- @BeforeSuite setEnvironment -->
  <testcase name="@BeforeSuite setEnvironment" time="0.0" classname="Fab_Application.Helper.Common.BaseTestClass">
    <ignored/>
  </testcase> <!-- @BeforeSuite setEnvironment -->
  <testcase name="@BeforeSuite setEnvironment" time="0.0" classname="Fab_Application.Helper.Common.BaseTestClass">
    <ignored/>
  </testcase> <!-- @BeforeSuite setEnvironment -->
  <testcase name="@BeforeSuite setEnvironment" time="0.0" classname="Fab_Application.Helper.Common.BaseTestClass">
    <ignored/>
  </testcase> <!-- @BeforeSuite setEnvironment -->
  <testcase name="@BeforeSuite setEnvironment" time="0.0" classname="Fab_Application.Helper.Common.BaseTestClass">
    <ignored/>
  </testcase> <!-- @BeforeSuite setEnvironment -->
  <testcase name="@BeforeSuite setEnvironment" time="0.0" classname="Fab_Application.Helper.Common.BaseTestClass">
    <ignored/>
  </testcase> <!-- @BeforeSuite setEnvironment -->
  <testcase name="@BeforeSuite setEnvironment" time="0.0" classname="Fab_Application.Helper.Common.BaseTestClass">
    <ignored/>
  </testcase> <!-- @BeforeSuite setEnvironment -->
  <testcase name="@BeforeSuite setEnvironment" time="0.0" classname="Fab_Application.Helper.Common.BaseTestClass">
    <ignored/>
  </testcase> <!-- @BeforeSuite setEnvironment -->
  <testcase name="@BeforeSuite setEnvironment" time="0.0" classname="Fab_Application.Helper.Common.BaseTestClass">
    <ignored/>
  </testcase> <!-- @BeforeSuite setEnvironment -->
  <testcase name="@BeforeSuite setEnvironment" time="0.0" classname="Fab_Application.Helper.Common.BaseTestClass">
    <ignored/>
  </testcase> <!-- @BeforeSuite setEnvironment -->
  <testcase name="@BeforeSuite setEnvironment" time="0.0" classname="Fab_Application.Helper.Common.BaseTestClass">
    <ignored/>
  </testcase> <!-- @BeforeSuite setEnvironment -->
  <testcase name="@BeforeSuite setEnvironment" time="0.0" classname="Fab_Application.Helper.Common.BaseTestClass">
    <ignored/>
  </testcase> <!-- @BeforeSuite setEnvironment -->
  <testcase name="@BeforeSuite setEnvironment" time="0.0" classname="Fab_Application.Helper.Common.BaseTestClass">
    <ignored/>
  </testcase> <!-- @BeforeSuite setEnvironment -->
  <testcase name="@AfterSuite closeEnvironment" time="0.0" classname="Fab_Application.Helper.Common.BaseTestClass">
    <ignored/>
  </testcase> <!-- @AfterSuite closeEnvironment -->
  <testcase name="@AfterSuite closeEnvironment" time="0.0" classname="Fab_Application.Helper.Common.BaseTestClass">
    <ignored/>
  </testcase> <!-- @AfterSuite closeEnvironment -->
  <testcase name="@AfterSuite closeEnvironment" time="0.0" classname="Fab_Application.Helper.Common.BaseTestClass">
    <ignored/>
  </testcase> <!-- @AfterSuite closeEnvironment -->
  <testcase name="@AfterSuite closeEnvironment" time="0.0" classname="Fab_Application.Helper.Common.BaseTestClass">
    <ignored/>
  </testcase> <!-- @AfterSuite closeEnvironment -->
  <testcase name="@AfterSuite closeEnvironment" time="0.0" classname="Fab_Application.Helper.Common.BaseTestClass">
    <ignored/>
  </testcase> <!-- @AfterSuite closeEnvironment -->
  <testcase name="@AfterSuite closeEnvironment" time="0.0" classname="Fab_Application.Helper.Common.BaseTestClass">
    <ignored/>
  </testcase> <!-- @AfterSuite closeEnvironment -->
  <testcase name="@AfterSuite closeEnvironment" time="0.0" classname="Fab_Application.Helper.Common.BaseTestClass">
    <ignored/>
  </testcase> <!-- @AfterSuite closeEnvironment -->
  <testcase name="@AfterSuite closeEnvironment" time="0.0" classname="Fab_Application.Helper.Common.BaseTestClass">
    <ignored/>
  </testcase> <!-- @AfterSuite closeEnvironment -->
  <testcase name="@AfterSuite closeEnvironment" time="0.0" classname="Fab_Application.Helper.Common.BaseTestClass">
    <ignored/>
  </testcase> <!-- @AfterSuite closeEnvironment -->
  <testcase name="@AfterSuite closeEnvironment" time="0.0" classname="Fab_Application.Helper.Common.BaseTestClass">
    <ignored/>
  </testcase> <!-- @AfterSuite closeEnvironment -->
  <testcase name="@AfterSuite closeEnvironment" time="0.0" classname="Fab_Application.Helper.Common.BaseTestClass">
    <ignored/>
  </testcase> <!-- @AfterSuite closeEnvironment -->
  <testcase name="@AfterSuite closeEnvironment" time="0.0" classname="Fab_Application.Helper.Common.BaseTestClass">
    <ignored/>
  </testcase> <!-- @AfterSuite closeEnvironment -->
  <testcase name="@AfterSuite closeEnvironment" time="0.0" classname="Fab_Application.Helper.Common.BaseTestClass">
    <ignored/>
  </testcase> <!-- @AfterSuite closeEnvironment -->
  <testcase name="@AfterSuite closeEnvironment" time="0.0" classname="Fab_Application.Helper.Common.BaseTestClass">
    <ignored/>
  </testcase> <!-- @AfterSuite closeEnvironment -->
  <testcase name="@AfterSuite closeEnvironment" time="0.0" classname="Fab_Application.Helper.Common.BaseTestClass">
    <ignored/>
  </testcase> <!-- @AfterSuite closeEnvironment -->
  <testcase name="@AfterSuite closeEnvironment" time="0.0" classname="Fab_Application.Helper.Common.BaseTestClass">
    <ignored/>
  </testcase> <!-- @AfterSuite closeEnvironment -->
  <testcase name="@AfterSuite closeEnvironment" time="0.0" classname="Fab_Application.Helper.Common.BaseTestClass">
    <ignored/>
  </testcase> <!-- @AfterSuite closeEnvironment -->
  <testcase name="@AfterSuite closeEnvironment" time="0.0" classname="Fab_Application.Helper.Common.BaseTestClass">
    <ignored/>
  </testcase> <!-- @AfterSuite closeEnvironment -->
  <testcase name="@AfterSuite closeEnvironment" time="0.0" classname="Fab_Application.Helper.Common.BaseTestClass">
    <ignored/>
  </testcase> <!-- @AfterSuite closeEnvironment -->
  <testcase name="@AfterSuite closeEnvironment" time="0.0" classname="Fab_Application.Helper.Common.BaseTestClass">
    <ignored/>
  </testcase> <!-- @AfterSuite closeEnvironment -->
  <testcase name="@AfterSuite closeEnvironment" time="0.0" classname="Fab_Application.Helper.Common.BaseTestClass">
    <ignored/>
  </testcase> <!-- @AfterSuite closeEnvironment -->
  <testcase name="@AfterSuite closeEnvironment" time="0.0" classname="Fab_Application.Helper.Common.BaseTestClass">
    <ignored/>
  </testcase> <!-- @AfterSuite closeEnvironment -->
  <testcase name="@AfterSuite closeEnvironment" time="0.0" classname="Fab_Application.Helper.Common.BaseTestClass">
    <ignored/>
  </testcase> <!-- @AfterSuite closeEnvironment -->
  <testcase name="@AfterSuite closeEnvironment" time="0.0" classname="Fab_Application.Helper.Common.BaseTestClass">
    <ignored/>
  </testcase> <!-- @AfterSuite closeEnvironment -->
  <testcase name="@AfterSuite closeEnvironment" time="0.0" classname="Fab_Application.Helper.Common.BaseTestClass">
    <ignored/>
  </testcase> <!-- @AfterSuite closeEnvironment -->
  <testcase name="@AfterSuite closeEnvironment" time="0.0" classname="Fab_Application.Helper.Common.BaseTestClass">
    <ignored/>
  </testcase> <!-- @AfterSuite closeEnvironment -->
  <testcase name="@AfterSuite closeEnvironment" time="0.0" classname="Fab_Application.Helper.Common.BaseTestClass">
    <ignored/>
  </testcase> <!-- @AfterSuite closeEnvironment -->
  <testcase name="@AfterSuite closeEnvironment" time="0.0" classname="Fab_Application.Helper.Common.BaseTestClass">
    <ignored/>
  </testcase> <!-- @AfterSuite closeEnvironment -->
  <testcase name="@AfterSuite closeEnvironment" time="0.0" classname="Fab_Application.Helper.Common.BaseTestClass">
    <ignored/>
  </testcase> <!-- @AfterSuite closeEnvironment -->
  <testcase name="@AfterSuite closeEnvironment" time="0.0" classname="Fab_Application.Helper.Common.BaseTestClass">
    <ignored/>
  </testcase> <!-- @AfterSuite closeEnvironment -->
</testsuite> <!-- Command line test -->
