-------------------------------------------------------------------------------
Test set: TestSuite
-------------------------------------------------------------------------------
Tests run: 7, Failures: 3, Errors: 0, Skipped: 3, Time elapsed: 87.229 sec <<< FAILURE!
tearDown(Fab_Application.HomePageTest.verifyLoginWithInvalidOTPManagerTest)  Time elapsed: 69.267 sec  <<< FAILURE!
java.lang.NullPointerException
	at Fab_Application.HomePageTest.verifyLoginWithInvalidOTPManagerTest.tearDown(verifyLoginWithInvalidOTPManagerTest.java:35)

tearDown(Fab_Application.HomePageTest.verifySearchTest)  Time elapsed: 69.27 sec  <<< FAILURE!
java.lang.NullPointerException
	at Fab_Application.HomePageTest.verifySearchTest.tearDown(verifySearchTest.java:37)

tearDown(Fab_Application.HomePageTest.verifyLoginWithInvalidUsernameManagerTest)  Time elapsed: 69.273 sec  <<< FAILURE!
java.lang.NullPointerException
	at Fab_Application.HomePageTest.verifyLoginWithInvalidUsernameManagerTest.tearDown(verifyLoginWithInvalidUsernameManagerTest.java:35)

